<?xml version="1.0" encoding="UTF-8"?>
<!-- Generated by org.testng.reporters.JUnitReportReporter -->
<testsuite hostname="Vinoth" failures="0" tests="3" name="selenium_AllControls.javaException" time="0.019" errors="0" timestamp="2026-03-13T20:05:02 IST" skipped="2">
  <testcase classname="selenium_AllControls.javaException" name="arithmethicException_withoutHandling" time="0.019"/>
  <testcase classname="selenium_AllControls.javaException" name="noSuchElementException_withoutHandling">
    <skipped/>
  </testcase> <!-- noSuchElementException_withoutHandling -->
  <testcase classname="selenium_AllControls.javaException" name="arithmethicException_withHandling">
    <skipped/>
  </testcase> <!-- arithmethicException_withHandling -->
</testsuite> <!-- selenium_AllControls.javaException -->
