<?xml version="1.0" encoding="UTF-8"?>
<!-- Generated by org.testng.reporters.JUnitReportReporter -->
<testsuite hostname="Vinoth" failures="0" tests="6" name="selenium_AllControls.allActions" time="10.867" errors="0" timestamp="2026-03-12T06:27:15 IST" skipped="5">
  <testcase classname="selenium_AllControls.allActions" name="BrowserNavigation" time="10.867"/>
  <testcase classname="selenium_AllControls.allActions" name="interactWithElements">
    <skipped/>
  </testcase> <!-- interactWithElements -->
  <testcase classname="selenium_AllControls.allActions" name="InteractionsTest">
    <skipped/>
  </testcase> <!-- InteractionsTest -->
  <testcase classname="selenium_AllControls.allActions" name="informationWithElements_WithoutContionalStatement">
    <skipped/>
  </testcase> <!-- informationWithElements_WithoutContionalStatement -->
  <testcase classname="selenium_AllControls.allActions" name="informationWithElements_ContionalStatements">
    <skipped/>
  </testcase> <!-- informationWithElements_ContionalStatements -->
  <testcase classname="selenium_AllControls.allActions" name="fileUpload">
    <skipped/>
  </testcase> <!-- fileUpload -->
</testsuite> <!-- selenium_AllControls.allActions -->
