<?xml version="1.0" encoding="UTF-8"?>
<!-- Generated by org.testng.reporters.JUnitReportReporter -->
<testsuite hostname="Vinoth" failures="0" tests="3" name="tests.Testing" time="5.314" errors="0" timestamp="2026-03-13T07:47:04 IST" skipped="0">
  <testcase classname="tests.Testing" name="alertInformationTest2" time="2.529"/>
  <testcase classname="tests.Testing" name="alertInformationTest3" time="1.374"/>
  <testcase classname="tests.Testing" name="alertInformationTest1" time="1.411"/>
</testsuite> <!-- tests.Testing -->
