<?xml version="1.0" encoding="UTF-8"?>
<!-- Generated by org.testng.reporters.JUnitReportReporter -->
<testsuite hostname="Vinoth" failures="0" tests="4" name="tests.LoginTest" time="20.587" errors="0" timestamp="2026-03-17T11:07:52 IST" skipped="0">
  <testcase classname="tests.LoginTest" name="ValidUserName_ValidPassword" time="4.833"/>
  <testcase classname="tests.LoginTest" name="InValidUserName_InValidPassword" time="4.694"/>
  <testcase classname="tests.LoginTest" name="InValidUserName_InValidPassword1" time="6.097"/>
  <testcase classname="tests.LoginTest" name="ValidUserName_InValidPassword" time="4.963"/>
</testsuite> <!-- tests.LoginTest -->
