<?xml version="1.0" encoding="UTF-8"?>
<!-- Generated by org.testng.reporters.JUnitReportReporter -->
<testsuite hostname="Vinoth" failures="0" tests="5" name="tests.LoginTest_WithExcelSheet_DataProvider" time="13.519" errors="0" timestamp="2026-03-15T07:18:41 IST" skipped="0">
  <testcase classname="tests.LoginTest_WithExcelSheet_DataProvider" name="loginTest" time="2.803"/>
  <testcase classname="tests.LoginTest_WithExcelSheet_DataProvider" name="loginTest" time="3.499"/>
  <testcase classname="tests.LoginTest_WithExcelSheet_DataProvider" name="loginTest" time="2.469"/>
  <testcase classname="tests.LoginTest_WithExcelSheet_DataProvider" name="loginTest" time="2.476"/>
  <testcase classname="tests.LoginTest_WithExcelSheet_DataProvider" name="loginTest" time="2.272"/>
</testsuite> <!-- tests.LoginTest_WithExcelSheet_DataProvider -->
