<?xml version="1.0" encoding="UTF-8"?>
<!-- Generated by org.testng.reporters.JUnitReportReporter -->
<testsuite hostname="Vinoth" failures="0" tests="3" name="selenium_AllControls.sampleTestNG" time="0.022" errors="0" timestamp="2026-03-11T22:32:23 IST" skipped="0">
  <testcase classname="selenium_AllControls.sampleTestNG" name="setUp43" time="0.010"/>
  <testcase classname="selenium_AllControls.sampleTestNG" name="setUp41" time="0.009"/>
  <testcase classname="selenium_AllControls.sampleTestNG" name="setUp42" time="0.003"/>
</testsuite> <!-- selenium_AllControls.sampleTestNG -->
