<?xml version="1.0" encoding="UTF-8"?>
<!-- Generated by org.testng.reporters.JUnitReportReporter -->
<testsuite hostname="Vinoth" failures="0" tests="10" name="selenium_AllControls.alertsTest" time="6.494" errors="1" timestamp="2026-08-04T10:25:19 IST" skipped="9">
  <testcase classname="selenium_AllControls.alertsTest" name="promptDisplayAndInputTest" time="6.494">
    <error message="Cannot invoke &quot;org.openqa.selenium.WebDriver.switchTo()&quot; because &quot;driver&quot; is null" type="java.lang.NullPointerException">
      <![CDATA[java.lang.NullPointerException: Cannot invoke "org.openqa.selenium.WebDriver.switchTo()" because "driver" is null
at org.openqa.selenium.support.ui.ExpectedConditions$28.apply(ExpectedConditions.java:792)
at org.openqa.selenium.support.ui.ExpectedConditions$28.apply(ExpectedConditions.java:788)
at org.openqa.selenium.support.ui.FluentWait.until(FluentWait.java:203)
at selenium_AllControls.alertsTest.promptDisplayAndInputTest(alertsTest.java:71)
at java.base/jdk.internal.reflect.DirectMethodHandleAccessor.invoke(DirectMethodHandleAccessor.java:104)
at java.base/java.lang.reflect.Method.invoke(Method.java:565)
at org.testng.internal.invokers.MethodInvocationHelper.invokeMethod(MethodInvocationHelper.java:141)
at org.testng.internal.invokers.TestInvoker.invokeMethod(TestInvoker.java:687)
at org.testng.internal.invokers.TestInvoker.invokeTestMethod(TestInvoker.java:230)
at org.testng.internal.invokers.MethodRunner.runInSequence(MethodRunner.java:63)
at org.testng.internal.invokers.TestInvoker$MethodInvocationAgent.invoke(TestInvoker.java:995)
at org.testng.internal.invokers.TestInvoker.invokeTestMethods(TestInvoker.java:203)
at org.testng.internal.invokers.TestMethodWorker.invokeTestMethods(TestMethodWorker.java:154)
at org.testng.internal.invokers.TestMethodWorker.run(TestMethodWorker.java:134)
at java.base/java.util.ArrayList.forEach(ArrayList.java:1604)
at org.testng.TestRunner.privateRun(TestRunner.java:741)
at org.testng.TestRunner.run(TestRunner.java:616)
at org.testng.SuiteRunner.runTest(SuiteRunner.java:421)
at org.testng.SuiteRunner.runSequentially(SuiteRunner.java:413)
at org.testng.SuiteRunner.privateRun(SuiteRunner.java:373)
at org.testng.SuiteRunner.run(SuiteRunner.java:312)
at org.testng.SuiteRunnerWorker.runSuite(SuiteRunnerWorker.java:52)
at org.testng.SuiteRunnerWorker.run(SuiteRunnerWorker.java:95)
at org.testng.TestNG.runSuitesSequentially(TestNG.java:1274)
at org.testng.TestNG.runSuitesLocally(TestNG.java:1208)
at org.testng.TestNG.runSuites(TestNG.java:1112)
at org.testng.TestNG.run(TestNG.java:1079)
at org.testng.remote.AbstractRemoteTestNG.run(AbstractRemoteTestNG.java:115)
at org.testng.remote.RemoteTestNG.initAndRun(RemoteTestNG.java:293)
at org.testng.remote.RemoteTestNG.main(RemoteTestNG.java:91)
]]>
    </error>
  </testcase> <!-- promptDisplayAndInputTest -->
  <testcase classname="selenium_AllControls.alertsTest" name="multiplePromptInputsTest">
    <skipped/>
  </testcase> <!-- multiplePromptInputsTest -->
  <testcase classname="selenium_AllControls.alertsTest" name="confirmationAlertTest">
    <skipped/>
  </testcase> <!-- confirmationAlertTest -->
  <testcase classname="selenium_AllControls.alertsTest" name="alertInformationTest">
    <skipped/>
  </testcase> <!-- alertInformationTest -->
  <testcase classname="selenium_AllControls.alertsTest" name="slowAlertTest">
    <skipped/>
  </testcase> <!-- slowAlertTest -->
  <testcase classname="selenium_AllControls.alertsTest" name="alertEmptyInformationTest">
    <skipped/>
  </testcase> <!-- alertEmptyInformationTest -->
  <testcase classname="selenium_AllControls.alertsTest" name="nestedIframeAlertTest">
    <skipped/>
  </testcase> <!-- nestedIframeAlertTest -->
  <testcase classname="selenium_AllControls.alertsTest" name="iframeAlertTest">
    <skipped/>
  </testcase> <!-- iframeAlertTest -->
  <testcase classname="selenium_AllControls.alertsTest" name="testForAlerts">
    <skipped/>
  </testcase> <!-- testForAlerts -->
  <testcase classname="selenium_AllControls.alertsTest" name="promptDefaultInputTest">
    <skipped/>
  </testcase> <!-- promptDefaultInputTest -->
</testsuite> <!-- selenium_AllControls.alertsTest -->
